
Circuit 1 cell dpantenna and Circuit 2 cell dpantenna are black boxes.
Warning: Equate pins:  cell dpantenna is a placeholder, treated as a black box.
Warning: Equate pins:  cell dpantenna is a placeholder, treated as a black box.

Subcircuit pins:
Circuit 1: dpantenna                       |Circuit 2: dpantenna                       
-------------------------------------------|-------------------------------------------
1                                          |1                                          
2                                          |2                                          
---------------------------------------------------------------------------------------
Cell pin lists are equivalent.
Device classes dpantenna and dpantenna are equivalent.

Subcircuit summary:
Circuit 1: sg13_dpantenna                  |Circuit 2: sg13_dpantenna                  
-------------------------------------------|-------------------------------------------
dpantenna (1)                              |dpantenna (1)                              
Number of devices: 1                       |Number of devices: 1                       
Number of nets: 2                          |Number of nets: 2                          
---------------------------------------------------------------------------------------
Netlists match uniquely.

Subcircuit pins:
Circuit 1: sg13_dpantenna                  |Circuit 2: sg13_dpantenna                  
-------------------------------------------|-------------------------------------------
A                                          |A                                          
B                                          |B                                          
---------------------------------------------------------------------------------------
Cell pin lists are equivalent.
Device classes sg13_dpantenna and sg13_dpantenna are equivalent.

Final result: Circuits match uniquely.
.
