
Circuit 1 cell dantenna and Circuit 2 cell dantenna are black boxes.
Warning: Equate pins:  cell dantenna is a placeholder, treated as a black box.
Warning: Equate pins:  cell dantenna is a placeholder, treated as a black box.

Subcircuit pins:
Circuit 1: dantenna                        |Circuit 2: dantenna                        
-------------------------------------------|-------------------------------------------
1                                          |1                                          
2                                          |2                                          
---------------------------------------------------------------------------------------
Cell pin lists are equivalent.
Device classes dantenna and dantenna are equivalent.

Subcircuit summary:
Circuit 1: sg13_dantenna                   |Circuit 2: sg13_dantenna                   
-------------------------------------------|-------------------------------------------
dantenna (1)                               |dantenna (1)                               
Number of devices: 1                       |Number of devices: 1                       
Number of nets: 2                          |Number of nets: 2                          
---------------------------------------------------------------------------------------
Netlists match uniquely.

Subcircuit pins:
Circuit 1: sg13_dantenna                   |Circuit 2: sg13_dantenna                   
-------------------------------------------|-------------------------------------------
B                                          |B                                          
C                                          |C                                          
---------------------------------------------------------------------------------------
Cell pin lists are equivalent.
Device classes sg13_dantenna and sg13_dantenna are equivalent.

Final result: Circuits match uniquely.
.
